Log file open, 09/03/17 03:10:16
LogWindows: LoadLibraryWithSearchPaths failed for file aqProf.dll. GetLastError=0
LogWindows: LoadLibraryWithSearchPaths failed for file VSPerf140.dll. GetLastError=0
LogWindows: LoadLibraryWithSearchPaths failed for file VtuneApi.dll. GetLastError=0
LogWindows: LoadLibraryWithSearchPaths failed for file VtuneApi32e.dll. GetLastError=0
LogInit: Display: Running engine for game: UnrealProject
LogPlatformFile: Not using cached read wrapper
LogInit: Display: RandInit(1870294928) SRandInit(1870294928).
LogTaskGraph: Started task graph with 5 named threads and 14 total threads with 3 sets of task threads.
LogStats: Stats thread started at 0.215234
LogD3D11RHI: Aftermath initialized
LogPluginManager: Mounting plugin Paper2D
LogPluginManager: Mounting plugin LightPropagationVolume
LogPluginManager: Mounting plugin CodeLiteSourceCodeAccess
LogPluginManager: Mounting plugin GitSourceControl
LogPluginManager: Mounting plugin KDevelopSourceCodeAccess
LogPluginManager: Mounting plugin NullSourceCodeAccess
LogPluginManager: Mounting plugin PerforceSourceControl
LogPluginManager: Mounting plugin SubversionSourceControl
LogPluginManager: Mounting plugin UObjectPlugin
LogPluginManager: Mounting plugin VisualStudioSourceCodeAccess
LogPluginManager: Mounting plugin XCodeSourceCodeAccess
LogPluginManager: Mounting plugin AssetManagerEditor
LogPluginManager: Mounting plugin AudioCapture
LogPluginManager: Mounting plugin FacialAnimation
LogPluginManager: Mounting plugin GameplayTagsEditor
LogPluginManager: Mounting plugin MobileLauncherProfileWizard
LogPluginManager: Mounting plugin PluginBrowser
LogPluginManager: Mounting plugin SpeedTreeImporter
LogPluginManager: Mounting plugin AlembicImporter
LogPluginManager: Mounting plugin CharacterAI
LogPluginManager: Mounting plugin HTML5Networking
LogPluginManager: Mounting plugin AndroidMedia
LogPluginManager: Mounting plugin AvfMedia
LogPluginManager: Mounting plugin MediaPlayerEditor
LogPluginManager: Mounting plugin WmfMedia
LogPluginManager: Mounting plugin TcpMessaging
LogPluginManager: Mounting plugin UdpMessaging
LogPluginManager: Mounting plugin LevelSequenceEditor
LogPluginManager: Mounting plugin MatineeToLevelSequence
LogPluginManager: Mounting plugin OnlineSubsystemGooglePlay
LogPluginManager: Mounting plugin OnlineSubsystemIOS
LogPluginManager: Mounting plugin OnlineSubsystem
LogPluginManager: Mounting plugin OnlineSubsystemNull
LogPluginManager: Mounting plugin OnlineSubsystemUtils
LogPluginManager: Mounting plugin AndroidDeviceProfileSelector
LogPluginManager: Mounting plugin AndroidMoviePlayer
LogPluginManager: Mounting plugin AndroidPermission
LogPluginManager: Mounting plugin AppleMoviePlayer
LogPluginManager: Mounting plugin ArchVisCharacter
LogPluginManager: Mounting plugin CableComponent
LogPluginManager: Mounting plugin CustomMeshComponent
LogPluginManager: Mounting plugin ExampleDeviceProfileSelector
LogPluginManager: Mounting plugin GoogleCloudMessaging
LogPluginManager: Mounting plugin ImmediatePhysics
LogPluginManager: Mounting plugin IOSDeviceProfileSelector
LogPluginManager: Mounting plugin LinuxDeviceProfileSelector
LogPluginManager: Mounting plugin LocationServicesBPLibrary
LogPluginManager: Mounting plugin MobilePatchingUtils
LogPluginManager: Mounting plugin OculusVR
LogPluginManager: Mounting plugin PhysXVehicles
LogPluginManager: Mounting plugin ProceduralMeshComponent
LogPluginManager: Mounting plugin RuntimePhysXCooking
LogPluginManager: Mounting plugin SteamVR
LogPluginManager: Mounting plugin WindowsMoviePlayer
LogInit: Using libcurl 7.47.1
LogInit:  - built for x86_64-pc-win32
LogInit:  - supports SSL with OpenSSL/1.0.2g
LogInit:  - supports HTTP deflate (compression) using libz 1.2.8
LogInit:  - other features:
LogInit:      CURL_VERSION_SSL
LogInit:      CURL_VERSION_LIBZ
LogInit:      CURL_VERSION_IPV6
LogInit:      CURL_VERSION_ASYNCHDNS
LogInit:      CURL_VERSION_LARGEFILE
LogInit:      CURL_VERSION_IDN
LogInit:  CurlRequestOptions (configurable via config and command line):
LogInit:  - bVerifyPeer = false  - Libcurl will NOT verify peer certificate
LogInit:  - bUseHttpProxy = false  - Libcurl will NOT use HTTP proxy
LogInit:  - bDontReuseConnections = false  - Libcurl will reuse connections
LogInit:  - CertBundlePath = nullptr  - Libcurl will use whatever was configured at build time.
LogInit: Build: ++UE4+Release-4.17-CL-3586342
LogInit: Engine Version: 4.17.1-3586342+++UE4+Release-4.17
LogInit: Compatible Engine Version: 4.17.0-3573198+++UE4+Release-4.17
LogInit: Net CL: 3573198
LogDevObjectVersion: Number of dev versions registered: 16
LogDevObjectVersion:   Dev-Blueprints (B0D832E4-1F89-4F0D-ACCF-7EB736FD4AA2): 10
LogDevObjectVersion:   Dev-Build (E1C64328-A22C-4D53-A36C-8E866417BD8C): 0
LogDevObjectVersion:   Dev-Core (375EC13C-06E4-48FB-B500-84F0262A717E): 2
LogDevObjectVersion:   Dev-Editor (E4B068ED-F494-42E9-A231-DA0B2E46BB41): 20
LogDevObjectVersion:   Dev-Framework (CFFC743F-43B0-4480-9391-14DF171D2073): 28
LogDevObjectVersion:   Dev-Mobile (B02B49B5-BB20-44E9-A304-32B752E40360): 0
LogDevObjectVersion:   Dev-Networking (A4E4105C-59A1-49B5-A7C5-40C4547EDFEE): 0
LogDevObjectVersion:   Dev-Online (39C831C9-5AE6-47DC-9A44-9C173E1C8E7C): 0
LogDevObjectVersion:   Dev-Physics (78F01B33-EBEA-4F98-B9B4-84EACCB95AA2): 0
LogDevObjectVersion:   Dev-Platform (6631380F-2D4D-43E0-8009-CF276956A95A): 0
LogDevObjectVersion:   Dev-Rendering (12F88B9F-8875-4AFC-A67C-D90C383ABD29): 19
LogDevObjectVersion:   Dev-Sequencer (7B5AE74C-D270-4C10-A958-57980B212A5A): 4
LogDevObjectVersion:   Dev-VR (D7296918-1DD6-4BDD-9DE2-64A83CC13884): 0
LogDevObjectVersion:   Dev-LoadTimes (C2A15278-BFE7-4AFE-6C17-90FF531DF755): 1
LogDevObjectVersion:   Private-Geometry (6EACA3D4-40EC-4CC1-B786-8BED09428FC5): 1
LogDevObjectVersion:   Dev-AnimPhys (29E575DD-E0A3-4627-9D10-D276232CDCEA): 7
LogInit: Compiled (64-bit): Aug 15 2017 02:05:26
LogInit: Compiled with Visual C++: 19.00.24215.01
LogInit: Build Configuration: Development
LogInit: Branch Name: ++UE4+Release-4.17
LogInit: Command line: -EpicPortal 
LogInit: Base directory: C:/Program Files/Epic Games/UE_4.17/Engine/Binaries/Win64/
LogInit: Installed Engine Build: 1
LogInit: Presizing for max 8388607 objects, including 0 objects not considered by GC, pre-allocating 0 bytes for permanent pool.
LogInit: Object subsystem initialized
[2017.09.03-08.10.17:221][  0]LogInit: Selected Device Profile: [Windows]
[2017.09.03-08.10.17:221][  0]LogInit: Applying CVar settings loaded from the selected device profile: [Windows]
[2017.09.03-08.10.17:256][  0]LogInit: Computer: DESKTOP-NT2HJS6
[2017.09.03-08.10.17:256][  0]LogInit: User: Jairo
[2017.09.03-08.10.17:256][  0]LogInit: CPU Page size=4096, Cores=4
[2017.09.03-08.10.17:256][  0]LogInit: High frequency timer resolution =2.533210 MHz
[2017.09.03-08.10.17:257][  0]LogMemory: Memory total: Physical=15.9GB (16GB approx)
[2017.09.03-08.10.17:257][  0]LogMemory: Platform Memory Stats for Windows
[2017.09.03-08.10.17:257][  0]LogMemory: Process Physical Memory: 278.95 MB used, 278.95 MB peak
[2017.09.03-08.10.17:257][  0]LogMemory: Process Virtual Memory: 282.05 MB used, 282.05 MB peak
[2017.09.03-08.10.17:257][  0]LogMemory: Physical Memory: 6144.81 MB used,  10151.46 MB free, 16296.27 MB total
[2017.09.03-08.10.17:257][  0]LogMemory: Virtual Memory: 676.78 MB used,  10151.46 MB free, 134217728.00 MB total
[2017.09.03-08.10.17:434][  0]LogInit: Using OS detected language (en-GB).
[2017.09.03-08.10.17:434][  0]LogInit: Using OS detected locale (en-GB).
[2017.09.03-08.10.17:438][  0]LogTextLocalizationManager: No specific localization for 'en-GB' exists, so the 'en' localization will be used.
[2017.09.03-08.10.18:318][  0]LogD3D11RHI: D3D11 adapters:
[2017.09.03-08.10.19:120][  0]LogD3D11RHI:    0. 'NVIDIA GeForce GTX 960M' (Feature Level 11_0)
[2017.09.03-08.10.19:120][  0]LogD3D11RHI:       2019/0/8148 MB DedicatedVideo/DedicatedSystem/SharedSystem, Outputs:1, VendorId:0x10de
[2017.09.03-08.10.19:126][  0]LogD3D11RHI:    1. 'Intel(R) HD Graphics 4600' (Feature Level 11_0)
[2017.09.03-08.10.19:126][  0]LogD3D11RHI:       112/0/2048 MB DedicatedVideo/DedicatedSystem/SharedSystem, Outputs:0, VendorId:0x8086
[2017.09.03-08.10.19:128][  0]LogD3D11RHI:    2. 'Microsoft Basic Render Driver' (Feature Level 11_0)
[2017.09.03-08.10.19:128][  0]LogD3D11RHI:       0/0/8148 MB DedicatedVideo/DedicatedSystem/SharedSystem, Outputs:0, VendorId:0x1414
[2017.09.03-08.10.19:128][  0]LogD3D11RHI: Chosen D3D11 Adapter: 0
[2017.09.03-08.10.19:135][  0]LogD3D11RHI: Creating new Direct3DDevice
[2017.09.03-08.10.19:136][  0]LogD3D11RHI:     GPU DeviceId: 0x139b (for the marketing name, search the web for "GPU Device Id")
[2017.09.03-08.10.19:136][  0]LogWindows: EnumDisplayDevices:
[2017.09.03-08.10.19:136][  0]LogWindows:    0. 'Intel(R) HD Graphics 4600' (P:1 D:1)
[2017.09.03-08.10.19:136][  0]LogWindows:    1. 'Intel(R) HD Graphics 4600' (P:0 D:0)
[2017.09.03-08.10.19:136][  0]LogWindows:    2. 'Intel(R) HD Graphics 4600' (P:0 D:0)
[2017.09.03-08.10.19:136][  0]LogWindows: DebugString: PrimaryIsNotTheChoosenAdapter PrimaryIsNotTheChoosenAdapter PrimaryIsNotTheChoosenAdapter FoundDriverCount:0 
[2017.09.03-08.10.19:136][  0]LogD3D11RHI:     Adapter Name: NVIDIA GeForce GTX 960M
[2017.09.03-08.10.19:136][  0]LogD3D11RHI:   Driver Version: Unknown (internal:Unknown, unified:Unknown)
[2017.09.03-08.10.19:136][  0]LogD3D11RHI:      Driver Date: Unknown
[2017.09.03-08.10.19:136][  0]LogRHI: Texture pool is 1361 MB (70% of 1945 MB)
[2017.09.03-08.10.19:892][  0]LogD3D11RHI: Async texture creation enabled
[2017.09.03-08.10.19:930][  0]LogD3D11RHI: GPU Timing Frequency: 1000.000000 (Debug: 2 1)
[2017.09.03-08.10.19:931][  0]LogShaderCompilers: Guid format shader working directory is -7 characters bigger than the processId version (D:/GameDevelopment/GitHub/project-Pana/UnrealProject/Intermediate/Shaders/WorkingDirectory/10324/).
[2017.09.03-08.10.19:931][  0]LogShaderCompilers: Cleaned the shader compiler working directory 'C:/Users/Jairo/AppData/Local/Temp/UnrealShaderWorkingDir/CE31132340B6CD57799A4592187F3388/'.
[2017.09.03-08.10.19:931][  0]LogShaderCompilers: Display: Using Local Shader Compiler.
[2017.09.03-08.10.21:131][  0]LogTemp: Display: Loaded TP AllDesktopTargetPlatform
[2017.09.03-08.10.21:191][  0]LogTemp: Display: Loaded TP MacClientTargetPlatform
[2017.09.03-08.10.21:251][  0]LogTemp: Display: Loaded TP MacNoEditorTargetPlatform
[2017.09.03-08.10.21:312][  0]LogTemp: Display: Loaded TP MacServerTargetPlatform
[2017.09.03-08.10.21:388][  0]LogTemp: Display: Loaded TP MacTargetPlatform
[2017.09.03-08.10.21:448][  0]LogTemp: Display: Loaded TP WindowsClientTargetPlatform
[2017.09.03-08.10.21:508][  0]LogTemp: Display: Loaded TP WindowsNoEditorTargetPlatform
[2017.09.03-08.10.21:569][  0]LogTemp: Display: Loaded TP WindowsServerTargetPlatform
[2017.09.03-08.10.21:622][  0]LogTemp: Display: Loaded TP WindowsTargetPlatform
[2017.09.03-08.10.21:680][  0]LogTemp: Display: Loaded TP AndroidTargetPlatform
[2017.09.03-08.10.21:739][  0]LogTemp: Display: Loaded TP Android_ASTCTargetPlatform
[2017.09.03-08.10.21:796][  0]LogTemp: Display: Loaded TP Android_ATCTargetPlatform
[2017.09.03-08.10.21:855][  0]LogTemp: Display: Loaded TP Android_DXTTargetPlatform
[2017.09.03-08.10.21:913][  0]LogTemp: Display: Loaded TP Android_ETC1TargetPlatform
[2017.09.03-08.10.21:971][  0]LogTemp: Display: Loaded TP Android_ETC2TargetPlatform
[2017.09.03-08.10.22:087][  0]LogTemp: Display: Loaded TP Android_MultiTargetPlatform
[2017.09.03-08.10.22:088][  0]LogTemp: Display: Loaded TP Android_PVRTCTargetPlatform
[2017.09.03-08.10.22:132][  0]LogTemp: Display: Loaded TP HTML5TargetPlatform
[2017.09.03-08.10.22:245][  0]LogTemp: Display: Loaded TP IOSTargetPlatform
[2017.09.03-08.10.22:281][  0]LogTemp: Display: Loaded TP TVOSTargetPlatform
[2017.09.03-08.10.22:338][  0]LogTemp: Display: Loaded TP LinuxClientTargetPlatform
[2017.09.03-08.10.22:414][  0]LogTemp: Display: Loaded TP LinuxNoEditorTargetPlatform
[2017.09.03-08.10.22:477][  0]LogTemp: Display: Loaded TP LinuxServerTargetPlatform
[2017.09.03-08.10.22:539][  0]LogTemp: Display: Loaded TP LinuxTargetPlatform
[2017.09.03-08.10.22:539][  0]LogTargetPlatformManager: Display: Building Assets For Windows
[2017.09.03-08.10.23:138][  0]LogDerivedDataCache: Display: Max Cache Size: 512 MB
[2017.09.03-08.10.23:261][  0]LogDerivedDataCache: Loaded boot cache 0.12s 93MB C:/Users/Jairo/AppData/Local/UnrealEngine/4.17/DerivedDataCache/Boot.ddc.
[2017.09.03-08.10.23:261][  0]LogDerivedDataCache: Display: Loaded Boot cache: C:/Users/Jairo/AppData/Local/UnrealEngine/4.17/DerivedDataCache/Boot.ddc
[2017.09.03-08.10.23:261][  0]LogDerivedDataCache: FDerivedDataBackendGraph:  Pak pak cache file D:/GameDevelopment/GitHub/project-Pana/UnrealProject/DerivedDataCache/DDC.ddp not found, will not use a pak cache.
[2017.09.03-08.10.23:261][  0]LogDerivedDataCache: Unable to find inner node Pak for hierarchical cache Hierarchy.
[2017.09.03-08.10.23:261][  0]LogDerivedDataCache: FDerivedDataBackendGraph:  CompressedPak pak cache file D:/GameDevelopment/GitHub/project-Pana/UnrealProject/DerivedDataCache/Compressed.ddp not found, will not use a pak cache.
[2017.09.03-08.10.23:261][  0]LogDerivedDataCache: Unable to find inner node CompressedPak for hierarchical cache Hierarchy.
[2017.09.03-08.10.23:302][  0]LogDerivedDataCache: Display: Pak cache opened for reading ../../../Engine/DerivedDataCache/Compressed.ddp.
[2017.09.03-08.10.23:316][  0]LogDerivedDataCache: Using Local data cache path C:/Users/Jairo/AppData/Local/UnrealEngine/Common/DerivedDataCache: Writable
[2017.09.03-08.10.23:339][  0]LogMaterial: Verifying Global Shaders for PCD3D_SM5
[2017.09.03-08.10.23:339][  0]LogSlate: Using Freetype 2.6.0
[2017.09.03-08.10.23:340][  0]LogSlate: SlateFontCache - WITH_FREETYPE: 1, WITH_HARFBUZZ: 1
[2017.09.03-08.10.23:340][  0]LogSlate: SlateFontCache - WITH_FREETYPE: 1, WITH_HARFBUZZ: 1
[2017.09.03-08.10.23:652][  0]LogAssetRegistry: FAssetRegistry took 0.0271 seconds to start up
[2017.09.03-08.10.23:791][  0]LogInit: Selected Device Profile: [Windows]
[2017.09.03-08.10.23:970][  0]LogContentStreaming: Texture pool size is 0.00 MB
[2017.09.03-08.10.24:325][  0]LogSimplygon: Simplygon DLL not present - disabling.
[2017.09.03-08.10.24:372][  0]LogMeshReduction: Using SimplygonSwarm for distributed automatic mesh merging
[2017.09.03-08.10.24:372][  0]LogMeshReduction: Using QuadricMeshReduction for automatic static mesh reduction
[2017.09.03-08.10.24:372][  0]LogMeshReduction: No automatic skeletal mesh reduction module available
[2017.09.03-08.10.24:372][  0]LogMeshReduction: No automatic mesh merging module available
[2017.09.03-08.10.24:372][  0]LogMeshMerging: No automatic mesh merging module available
[2017.09.03-08.10.24:803][  0]LogNetVersion: UnrealProject , NetCL: 3573198, EngineNetVer: 2, GameNetVer: 0 (Checksum: 3538776559)
[2017.09.03-08.10.25:101][  0]LogPackageLocalizationCache: Processed 5 localized package path(s) for 2 prioritized culture(s) in 0.052742 seconds
[2017.09.03-08.10.25:108][  0]LogUObjectArray: 35825 objects as part of root set at end of initial load.
[2017.09.03-08.10.25:108][  0]LogUObjectAllocator: 7529104 out of 0 bytes used by permanent object pool.
[2017.09.03-08.10.25:108][  0]LogUObjectArray: CloseDisregardForGC: 0/0 objects in disregard for GC pool
[2017.09.03-08.10.25:181][  0]LogInit: WinSock: version 1.1 (2.2), MaxSocks=32767, MaxUdp=65467
[2017.09.03-08.10.28:477][  0]LogTcpMessaging: Initializing TcpMessaging bridge
[2017.09.03-08.10.28:552][  0]LogUdpMessaging: Initializing bridge on interface 0.0.0.0:0 to multicast group 230.0.0.1:6666.
[2017.09.03-08.10.29:391][  0]LogMaterial: Uniform references updated for custom material expression Custom.
[2017.09.03-08.10.29:888][  0]SourceControl: Source control is disabled
[2017.09.03-08.10.29:888][  0]SourceControl: Source control is disabled
[2017.09.03-08.10.29:946][  0]SourceControl: Source control is disabled
[2017.09.03-08.10.30:003][  0]SourceControl: Source control is disabled
[2017.09.03-08.10.30:855][  0]LogAndroidPermission: UAndroidPermissionCallbackProxy::GetInstance
[2017.09.03-08.10.31:155][  0]LogOcInput: OculusInput pre-init called
[2017.09.03-08.10.31:454][  0]LogEngine: Initializing Engine...
[2017.09.03-08.10.31:456][  0]LogHMD: Failed to initialize OpenVR with code 110
[2017.09.03-08.10.31:757][  0]LogStats: UGameplayTagsManager::ConstructGameplayTagTree: Construct from data asset -  0.000 s
[2017.09.03-08.10.31:757][  0]LogStats: UGameplayTagsManager::ConstructGameplayTagTree: GameplayTagTreeChangedEvent.Broadcast -  0.000 s
[2017.09.03-08.10.31:906][  0]LogAIModule: Creating AISystem for world Untitled
[2017.09.03-08.10.31:914][  0]LogInit: XAudio2 using 'Speakers (Realtek High Definition Audio)' : 2 channels at 48 kHz using 32 bits per sample (channel mask 0x3)
[2017.09.03-08.10.31:947][  0]LogInit: FAudioDevice initialized.
[2017.09.03-08.10.32:173][  0]LogDerivedDataCache: Saved boot cache 0.22s 93MB C:/Users/Jairo/AppData/Local/UnrealEngine/4.17/DerivedDataCache/Boot.ddc.
[2017.09.03-08.10.32:216][  0]LogInit: Texture streaming: Enabled
[2017.09.03-08.10.32:355][  0]LogEngineSessionManager: EngineSessionManager initialized
[2017.09.03-08.10.32:635][  0]LogInit: Transaction tracking system initialized
[2017.09.03-08.10.32:989][  0]BlueprintLog: New page: Editor Load
[2017.09.03-08.10.34:056][  0]LocalizationService: Localization service is disabled
[2017.09.03-08.10.35:200][  0]LogConsoleResponse: Display: 
[2017.09.03-08.10.35:444][  0]LogCook: Display: Max memory allowance for cook 16384mb min free memory 0mb
[2017.09.03-08.10.35:444][  0]LogCook: Display: Mobile HDR setting 1
[2017.09.03-08.10.35:444][  0]LogGameplayTags: Display: UGameplayTagsManager::DoneAddingNativeTags. DelegateIsBound: 0
[2017.09.03-08.10.36:094][  0]LogFileCache: Scanning file cache for directory 'D:/GameDevelopment/GitHub/project-Pana/UnrealProject/Content/' took 0.02s
[2017.09.03-08.10.36:765][  0]SourceControl: Source control is disabled
[2017.09.03-08.10.36:765][  0]Cmd: MAP LOAD FILE="D:/GameDevelopment/GitHub/project-Pana/UnrealProject/Content/ThirdPersonBP/Maps/ThirdPersonExampleMap.umap" TEMPLATE=0 SHOWPROGRESS=1 FEATURELEVEL=3
[2017.09.03-08.10.36:798][  0]LightingResults: New page: Lighting Build
[2017.09.03-08.10.36:846][  0]MapCheck: New page: Map Check
[2017.09.03-08.10.36:846][  0]LightingResults: New page: Lighting Build
[2017.09.03-08.10.41:093][  0]LogAIModule: Creating AISystem for world ThirdPersonExampleMap
[2017.09.03-08.10.41:617][  0]LogEditorServer: Finished looking for orphan Actors (0.000 secs)
[2017.09.03-08.10.41:673][  0]Cmd: MAP CHECKDEP NOCLEARLOG
[2017.09.03-08.10.41:741][  0]MapCheck: Map check complete: 0 Error(s), 0 Warning(s), took 68.668ms to complete.
[2017.09.03-08.10.41:741][  0]LogFileHelpers: Loading map 'ThirdPersonExampleMap' took 4.976
[2017.09.03-08.10.42:505][  0]LogCollectionManager: Loaded 0 collections in 0.001994 seconds
[2017.09.03-08.10.42:759][  0]LogFileCache: Scanning file cache for directory 'D:/GameDevelopment/GitHub/project-Pana/UnrealProject/Saved/Collections/' took 0.01s
[2017.09.03-08.10.42:759][  0]LogFileCache: Scanning file cache for directory 'D:/GameDevelopment/GitHub/project-Pana/UnrealProject/Content/Developers/Jairo/Collections/' took 0.01s
[2017.09.03-08.10.42:759][  0]LogFileCache: Scanning file cache for directory 'D:/GameDevelopment/GitHub/project-Pana/UnrealProject/Content/Collections/' took 0.01s
[2017.09.03-08.10.42:759][  0]LogCollectionManager: Rebuilt the GUID cache for 0 collections in 0.000002 seconds
[2017.09.03-08.10.42:808][  0]LogContentBrowser: Native class hierarchy populated in 0.0451 seconds. Added 2386 classes and 500 folders.
[2017.09.03-08.10.43:072][  0]LogContentBrowser: Native class hierarchy updated for 'WidgetCarousel' in 0.0254 seconds. Added 0 classes and 0 folders.
[2017.09.03-08.10.44:678][  0]LogContentBrowser: Native class hierarchy updated for 'AddContentDialog' in 0.0023 seconds. Added 0 classes and 0 folders.
[2017.09.03-08.10.44:846][  0]LogContentBrowser: Native class hierarchy updated for 'SceneOutliner' in 0.0025 seconds. Added 1 classes and 2 folders.
[2017.09.03-08.10.46:632][  0]LogSlate: Took 0.000249 seconds to synchronously load lazily loaded font '../../../Engine/Content/Slate/Fonts/Roboto-Regular.ttf' (155K)
[2017.09.03-08.10.46:639][  0]LogSlate: Took 0.000229 seconds to synchronously load lazily loaded font '../../../Engine/Content/Slate/Fonts/Roboto-Bold.ttf' (160K)
[2017.09.03-08.10.46:687][  0]LogSlate: Took 0.010963 seconds to synchronously load lazily loaded font '../../../Engine/Content/Editor/Slate/Fonts/FontAwesome.ttf' (139K)
[2017.09.03-08.10.47:089][  0]LogRenderer: Reallocating scene render targets to support 908x396 Format 10 NumSamples 1 (Frame:1).
[2017.09.03-08.10.47:898][  0]LogContentBrowser: Native class hierarchy updated for 'HierarchicalLODOutliner' in 0.0009 seconds. Added 1 classes and 2 folders.
[2017.09.03-08.10.47:898][  0]LogLoad: (Engine Initialization) Total time: 33.14 seconds
[2017.09.03-08.10.47:898][  0]LogLoad: (Engine Initialization) Total Blueprint compile time: 0.00 seconds
[2017.09.03-08.10.47:898][  0]LogExternalProfiler: No external profilers were discovered.  External profiling features will not be available.
[2017.09.03-08.10.48:339][  0]LogContentStreaming: Texture pool size now 1000 MB
[2017.09.03-08.10.48:512][  0]LogSlate: Took 0.021736 seconds to synchronously load lazily loaded font '../../../Engine/Content/Slate/Fonts/Roboto-Light.ttf' (159K)
[2017.09.03-08.10.49:307][  4]LogAssetRegistry: Asset discovery search completed in 25.6769 seconds
[2017.09.03-08.10.49:313][  4]LogCollectionManager: Rebuilt the object cache for 0 collections in 0.000002 seconds (found 0 objects)
[2017.09.03-08.10.49:314][  4]LogCollectionManager: Fixed up redirectors for 0 collections in 0.000223 seconds (updated 0 objects)
[2017.09.03-08.10.59:545][585]Cmd: MAP LOAD FILE="D:/GameDevelopment/GitHub/project-Pana/UnrealProject/Content/MisCosas/Levels/casa.umap" TEMPLATE=0 SHOWPROGRESS=1 FEATURELEVEL=3
[2017.09.03-08.10.59:600][585]LogSlate: Took 0.000467 seconds to synchronously load lazily loaded font '../../../Engine/Content/Slate/Fonts/Roboto-Light.ttf' (159K)
[2017.09.03-08.10.59:638][585]LightingResults: New page: Lighting Build
[2017.09.03-08.10.59:639][585]LoadErrors: New page: Loading map: casa.umap
[2017.09.03-08.10.59:645][585]MapCheck: New page: Map Check
[2017.09.03-08.10.59:646][585]LightingResults: New page: Lighting Build
[2017.09.03-08.11.00:519][585]LogAIModule: Creating AISystem for world casa
[2017.09.03-08.11.00:904][585]LogEditorServer: Finished looking for orphan Actors (0.000 secs)
[2017.09.03-08.11.00:992][585]Cmd: MAP CHECKDEP NOCLEARLOG
[2017.09.03-08.11.01:069][585]MapCheck: Map check complete: 0 Error(s), 0 Warning(s), took 77.722ms to complete.
[2017.09.03-08.11.01:070][585]LogFileHelpers: Loading map 'casa' took 1.525
[2017.09.03-08.11.02:676][667]LogTemp: Repeating last play command: Selected Viewport
[2017.09.03-08.11.02:737][667]LogPlayLevel: PlayLevel: No blueprints needed recompiling
[2017.09.03-08.11.02:750][667]PIE: New page: PIE session: casa (2 Sep 2017 22:11:02)
[2017.09.03-08.11.02:750][667]LogPlayLevel: Creating play world package: /Game/MisCosas/Levels/UEDPIE_0_casa
[2017.09.03-08.11.02:772][667]LogPlayLevel: PIE: StaticDuplicateObject took: (0.021560s)
[2017.09.03-08.11.02:772][667]LogAIModule: Creating AISystem for world casa
[2017.09.03-08.11.02:772][667]LogPlayLevel: PIE: World Init took: (0.000795s)
[2017.09.03-08.11.02:773][667]LogPlayLevel: PIE: Created PIE world by copying editor world from /Game/MisCosas/Levels/casa.casa to /Game/MisCosas/Levels/UEDPIE_0_casa.casa (0.022709s)
[2017.09.03-08.11.02:787][667]LogInit: XAudio2 using 'Speakers (Realtek High Definition Audio)' : 2 channels at 48 kHz using 32 bits per sample (channel mask 0x3)
[2017.09.03-08.11.02:800][667]LogInit: FAudioDevice initialized.
[2017.09.03-08.11.02:888][667]LogLoad: Game class is 'ThirdPersonGameMode_C'
[2017.09.03-08.11.02:946][667]LogWorld: Bringing World /Game/MisCosas/Levels/UEDPIE_0_casa.casa up for play (max tick rate 60) at 2017.09.03-03.11.02
[2017.09.03-08.11.02:975][667]LogWorld: Bringing up level for play took: 0.038731
[2017.09.03-08.11.03:141][667]LogContentBrowser: Native class hierarchy updated for 'MovieSceneCapture' in 0.0008 seconds. Added 11 classes and 0 folders.
[2017.09.03-08.11.03:214][667]PIE: Play in editor start time for /Game/MisCosas/Levels/UEDPIE_0_casa 1.203
[2017.09.03-08.12.20:294][239]LogEditorViewport: Clicking on Actor (LMB): Brush (HouseWallKitchenL2)
[2017.09.03-08.12.25:397][515]LogEditorViewport: Clicking Background
[2017.09.03-08.12.26:730][590]LogEditorViewport: Clicking on Actor (LMB): Brush (HouseWallKitchenL2)
[2017.09.03-08.13.09:707][138]LogEditorViewport: Clicking Background
[2017.09.03-08.13.10:959][213]LogEditorViewport: Clicking on Actor (LMB): Brush (HouseWallKitchenL2)
[2017.09.03-08.13.16:470][539]LogEditorViewport: Clicking Background
[2017.09.03-08.13.19:022][692]LogEditorViewport: Clicking on Actor (LMB): Brush (FrontWall3)
[2017.09.03-08.13.38:638][855]LogEditorViewport: Clicking on Actor (LMB): Brush (HouseWallKitchenL1)
[2017.09.03-08.13.56:104][892]LogEditorViewport: Clicking on Actor (LMB): Brush (FrontWall4)
[2017.09.03-08.14.05:098][428]LogTemp: Repeating last play command: Selected Viewport
[2017.09.03-08.14.05:115][428]LogPlayLevel: PlayLevel: No blueprints needed recompiling
[2017.09.03-08.14.05:115][428]PIE: New page: PIE session: casa (2 Sep 2017 22:14:05)
[2017.09.03-08.14.05:115][428]LogPlayLevel: Creating play world package: /Game/MisCosas/Levels/UEDPIE_0_casa
[2017.09.03-08.14.05:126][428]LogPlayLevel: PIE: StaticDuplicateObject took: (0.011032s)
[2017.09.03-08.14.05:127][428]LogAIModule: Creating AISystem for world casa
[2017.09.03-08.14.05:127][428]LogPlayLevel: PIE: World Init took: (0.001088s)
[2017.09.03-08.14.05:128][428]LogPlayLevel: PIE: Created PIE world by copying editor world from /Game/MisCosas/Levels/casa.casa to /Game/MisCosas/Levels/UEDPIE_0_casa.casa (0.012391s)
[2017.09.03-08.14.05:143][428]LogInit: XAudio2 using 'Speakers (Realtek High Definition Audio)' : 2 channels at 48 kHz using 32 bits per sample (channel mask 0x3)
[2017.09.03-08.14.05:156][428]LogInit: FAudioDevice initialized.
[2017.09.03-08.14.05:197][428]LogLoad: Game class is 'ThirdPersonGameMode_C'
[2017.09.03-08.14.05:209][428]LogWorld: Bringing World /Game/MisCosas/Levels/UEDPIE_0_casa.casa up for play (max tick rate 60) at 2017.09.03-03.14.05
[2017.09.03-08.14.05:211][428]LogWorld: Bringing up level for play took: 0.010878
[2017.09.03-08.14.05:217][428]PIE: Play in editor start time for /Game/MisCosas/Levels/UEDPIE_0_casa -0.793
[2017.09.03-08.16.16:591][711]LogTemp: Repeating last play command: Selected Viewport
[2017.09.03-08.16.16:608][711]LogPlayLevel: PlayLevel: No blueprints needed recompiling
[2017.09.03-08.16.16:608][711]PIE: New page: PIE session: casa (2 Sep 2017 22:16:16)
[2017.09.03-08.16.16:608][711]LogPlayLevel: Creating play world package: /Game/MisCosas/Levels/UEDPIE_0_casa
[2017.09.03-08.16.16:620][711]LogPlayLevel: PIE: StaticDuplicateObject took: (0.012009s)
[2017.09.03-08.16.16:621][711]LogAIModule: Creating AISystem for world casa
[2017.09.03-08.16.16:621][711]LogPlayLevel: PIE: World Init took: (0.000957s)
[2017.09.03-08.16.16:622][711]LogPlayLevel: PIE: Created PIE world by copying editor world from /Game/MisCosas/Levels/casa.casa to /Game/MisCosas/Levels/UEDPIE_0_casa.casa (0.013276s)
[2017.09.03-08.16.16:637][711]LogInit: XAudio2 using 'Speakers (Realtek High Definition Audio)' : 2 channels at 48 kHz using 32 bits per sample (channel mask 0x3)
[2017.09.03-08.16.16:650][711]LogInit: FAudioDevice initialized.
[2017.09.03-08.16.16:689][711]LogLoad: Game class is 'ThirdPersonGameMode_C'
[2017.09.03-08.16.16:698][711]LogWorld: Bringing World /Game/MisCosas/Levels/UEDPIE_0_casa.casa up for play (max tick rate 60) at 2017.09.03-03.16.16
[2017.09.03-08.16.16:699][711]LogWorld: Bringing up level for play took: 0.007860
[2017.09.03-08.16.16:704][711]PIE: Play in editor start time for /Game/MisCosas/Levels/UEDPIE_0_casa 0.694
[2017.09.03-08.16.35:010][536]LogTemp: Repeating last play command: Selected Viewport
[2017.09.03-08.16.35:028][536]LogPlayLevel: PlayLevel: No blueprints needed recompiling
[2017.09.03-08.16.35:028][536]PIE: New page: PIE session: casa (2 Sep 2017 22:16:35)
[2017.09.03-08.16.35:028][536]LogPlayLevel: Creating play world package: /Game/MisCosas/Levels/UEDPIE_0_casa
[2017.09.03-08.16.35:039][536]LogPlayLevel: PIE: StaticDuplicateObject took: (0.011178s)
[2017.09.03-08.16.35:040][536]LogAIModule: Creating AISystem for world casa
[2017.09.03-08.16.35:040][536]LogPlayLevel: PIE: World Init took: (0.000783s)
[2017.09.03-08.16.35:040][536]LogPlayLevel: PIE: Created PIE world by copying editor world from /Game/MisCosas/Levels/casa.casa to /Game/MisCosas/Levels/UEDPIE_0_casa.casa (0.012239s)
[2017.09.03-08.16.35:056][536]LogInit: XAudio2 using 'Speakers (Realtek High Definition Audio)' : 2 channels at 48 kHz using 32 bits per sample (channel mask 0x3)
[2017.09.03-08.16.35:069][536]LogInit: FAudioDevice initialized.
[2017.09.03-08.16.35:105][536]LogLoad: Game class is 'ThirdPersonGameMode_C'
[2017.09.03-08.16.35:109][536]LogWorld: Bringing World /Game/MisCosas/Levels/UEDPIE_0_casa.casa up for play (max tick rate 60) at 2017.09.03-03.16.35
[2017.09.03-08.16.35:109][536]LogWorld: Bringing up level for play took: 0.003428
[2017.09.03-08.16.35:112][536]PIE: Play in editor start time for /Game/MisCosas/Levels/UEDPIE_0_casa -0.898
[2017.09.03-08.18.15:711][260]LogTemp: Repeating last play command: Selected Viewport
[2017.09.03-08.18.15:728][260]LogPlayLevel: PlayLevel: No blueprints needed recompiling
[2017.09.03-08.18.15:729][260]PIE: New page: PIE session: casa (2 Sep 2017 22:18:15)
[2017.09.03-08.18.15:729][260]LogPlayLevel: Creating play world package: /Game/MisCosas/Levels/UEDPIE_0_casa
[2017.09.03-08.18.15:740][260]LogPlayLevel: PIE: StaticDuplicateObject took: (0.011125s)
[2017.09.03-08.18.15:741][260]LogAIModule: Creating AISystem for world casa
[2017.09.03-08.18.15:741][260]LogPlayLevel: PIE: World Init took: (0.000974s)
[2017.09.03-08.18.15:741][260]LogPlayLevel: PIE: Created PIE world by copying editor world from /Game/MisCosas/Levels/casa.casa to /Game/MisCosas/Levels/UEDPIE_0_casa.casa (0.012421s)
[2017.09.03-08.18.15:756][260]LogInit: XAudio2 using 'Speakers (Realtek High Definition Audio)' : 2 channels at 48 kHz using 32 bits per sample (channel mask 0x3)
[2017.09.03-08.18.15:769][260]LogInit: FAudioDevice initialized.
[2017.09.03-08.18.15:803][260]LogLoad: Game class is 'ThirdPersonGameMode_C'
[2017.09.03-08.18.15:807][260]LogWorld: Bringing World /Game/MisCosas/Levels/UEDPIE_0_casa.casa up for play (max tick rate 60) at 2017.09.03-03.18.15
[2017.09.03-08.18.15:808][260]LogWorld: Bringing up level for play took: 0.003458
[2017.09.03-08.18.15:810][260]PIE: Play in editor start time for /Game/MisCosas/Levels/UEDPIE_0_casa -0.2
[2017.09.03-08.18.37:010][314]LogEditorViewport: Clicking Background
[2017.09.03-08.18.39:653][472]LogEditorViewport: Clicking Background
[2017.09.03-08.18.43:502][702]LogEditorViewport: Clicking Background
[2017.09.03-08.18.45:769][837]LogEditorViewport: Clicking on Actor (LMB): Brush (FrontWall4)
[2017.09.03-08.19.02:538][771]LogTemp: Repeating last play command: Selected Viewport
[2017.09.03-08.19.02:554][771]LogPlayLevel: PlayLevel: No blueprints needed recompiling
[2017.09.03-08.19.02:554][771]PIE: New page: PIE session: casa (2 Sep 2017 22:19:02)
[2017.09.03-08.19.02:554][771]LogPlayLevel: Creating play world package: /Game/MisCosas/Levels/UEDPIE_0_casa
[2017.09.03-08.19.02:565][771]LogPlayLevel: PIE: StaticDuplicateObject took: (0.010402s)
[2017.09.03-08.19.02:566][771]LogAIModule: Creating AISystem for world casa
[2017.09.03-08.19.02:566][771]LogPlayLevel: PIE: World Init took: (0.000868s)
[2017.09.03-08.19.02:566][771]LogPlayLevel: PIE: Created PIE world by copying editor world from /Game/MisCosas/Levels/casa.casa to /Game/MisCosas/Levels/UEDPIE_0_casa.casa (0.011564s)
[2017.09.03-08.19.02:581][771]LogInit: XAudio2 using 'Speakers (Realtek High Definition Audio)' : 2 channels at 48 kHz using 32 bits per sample (channel mask 0x3)
[2017.09.03-08.19.02:594][771]LogInit: FAudioDevice initialized.
[2017.09.03-08.19.02:623][771]LogLoad: Game class is 'ThirdPersonGameMode_C'
[2017.09.03-08.19.02:627][771]LogWorld: Bringing World /Game/MisCosas/Levels/UEDPIE_0_casa.casa up for play (max tick rate 60) at 2017.09.03-03.19.02
[2017.09.03-08.19.02:627][771]LogWorld: Bringing up level for play took: 0.003440
[2017.09.03-08.19.02:630][771]PIE: Play in editor start time for /Game/MisCosas/Levels/UEDPIE_0_casa 0.62
[2017.09.03-08.19.49:918][607]Cmd: TRANSACTION UNDO
[2017.09.03-08.19.49:918][607]LogEditorTransaction: Undo Move Actors
[2017.09.03-08.19.50:118][607]LogSlate: Took 0.000233 seconds to synchronously load lazily loaded font '../../../Engine/Content/Slate/Fonts/Roboto-Light.ttf' (159K)
[2017.09.03-08.19.50:745][644]Cmd: TRANSACTION UNDO
[2017.09.03-08.19.50:745][644]LogEditorTransaction: Undo Scale Actors
[2017.09.03-08.19.51:366][679]Cmd: TRANSACTION UNDO
[2017.09.03-08.19.51:367][679]LogEditorTransaction: Undo Move Actors
[2017.09.03-08.19.51:955][712]Cmd: TRANSACTION UNDO
[2017.09.03-08.19.51:955][712]LogEditorTransaction: Undo Scale Actors
[2017.09.03-08.20.00:792][992]Cmd: TRANSACTION UNDO
[2017.09.03-08.20.00:792][992]LogEditorTransaction: Undo Clicking on Actors
[2017.09.03-08.20.01:237][ 18]Cmd: TRANSACTION UNDO
[2017.09.03-08.20.01:237][ 18]LogEditorTransaction: Undo Clicking Background
[2017.09.03-08.20.01:633][ 41]Cmd: TRANSACTION UNDO
[2017.09.03-08.20.01:633][ 41]LogEditorTransaction: Undo Clicking Background
[2017.09.03-08.20.01:933][ 59]Cmd: TRANSACTION UNDO
[2017.09.03-08.20.01:933][ 59]LogEditorTransaction: Undo Clicking Background
[2017.09.03-08.20.02:219][ 75]Cmd: TRANSACTION UNDO
[2017.09.03-08.20.02:219][ 75]LogEditorTransaction: Undo Clicking on Actors
[2017.09.03-08.20.02:722][104]Cmd: TRANSACTION UNDO
[2017.09.03-08.20.02:722][104]LogEditorTransaction: Undo Move Actors
[2017.09.03-08.20.02:729][104]LogActorComponent: ~FComponentReregisterContext: (/Game/MisCosas/Levels/casa.casa:PersistentLevel.HouseKitchenDoorL1.BrushComponent0) Component already registered.
[2017.09.03-08.20.02:733][104]LogActorComponent: ~FComponentReregisterContext: (/Game/MisCosas/Levels/casa.casa:PersistentLevel.FrontWall3.BrushComponent0) Component already registered.
[2017.09.03-08.20.03:679][159]Cmd: TRANSACTION UNDO
[2017.09.03-08.20.03:679][159]LogEditorTransaction: Undo Scale Actors
[2017.09.03-08.20.03:686][159]LogActorComponent: ~FComponentReregisterContext: (/Game/MisCosas/Levels/casa.casa:PersistentLevel.HouseKitchenDoorL1.BrushComponent0) Component already registered.
[2017.09.03-08.20.03:690][159]LogActorComponent: ~FComponentReregisterContext: (/Game/MisCosas/Levels/casa.casa:PersistentLevel.FrontWall3.BrushComponent0) Component already registered.
[2017.09.03-08.20.07:168][366]LogTemp: Repeating last play command: Selected Viewport
[2017.09.03-08.20.07:184][366]LogPlayLevel: PlayLevel: No blueprints needed recompiling
[2017.09.03-08.20.07:185][366]PIE: New page: PIE session: casa (2 Sep 2017 22:20:07)
[2017.09.03-08.20.07:185][366]LogPlayLevel: Creating play world package: /Game/MisCosas/Levels/UEDPIE_0_casa
[2017.09.03-08.20.07:196][366]LogPlayLevel: PIE: StaticDuplicateObject took: (0.010979s)
[2017.09.03-08.20.07:196][366]LogAIModule: Creating AISystem for world casa
[2017.09.03-08.20.07:197][366]LogPlayLevel: PIE: World Init took: (0.000868s)
[2017.09.03-08.20.07:197][366]LogPlayLevel: PIE: Created PIE world by copying editor world from /Game/MisCosas/Levels/casa.casa to /Game/MisCosas/Levels/UEDPIE_0_casa.casa (0.012105s)
[2017.09.03-08.20.07:212][366]LogInit: XAudio2 using 'Speakers (Realtek High Definition Audio)' : 2 channels at 48 kHz using 32 bits per sample (channel mask 0x3)
[2017.09.03-08.20.07:225][366]LogInit: FAudioDevice initialized.
[2017.09.03-08.20.07:255][366]LogLoad: Game class is 'ThirdPersonGameMode_C'
[2017.09.03-08.20.07:259][366]LogWorld: Bringing World /Game/MisCosas/Levels/UEDPIE_0_casa.casa up for play (max tick rate 60) at 2017.09.03-03.20.07
[2017.09.03-08.20.07:259][366]LogWorld: Bringing up level for play took: 0.003389
[2017.09.03-08.20.07:261][366]PIE: Play in editor start time for /Game/MisCosas/Levels/UEDPIE_0_casa -0.749
[2017.09.03-08.20.24:851][411]LogEditorViewport: Clicking on Actor (LMB): Brush (HouseWallKitchenL1)
[2017.09.03-08.20.36:800][118]LogEditorViewport: Clicking Background
[2017.09.03-08.20.51:613][  2]LogEditorViewport: Clicking Background
[2017.09.03-08.20.57:366][346]LogEditorViewport: Clicking on Actor (LMB): Brush (FrontWall3)
[2017.09.03-08.21.32:412][433]LogEditorViewport: Clicking on Actor (LMB): Brush (HouseFloor1L3)
[2017.09.03-08.21.33:573][501]LogEditorViewport: Clicking on Actor (LMB): Brush (FrontWall4)
[2017.09.03-08.21.34:299][543]LogEditorViewport: Clicking Background
[2017.09.03-08.21.35:602][621]LogEditorViewport: Clicking on Actor (LMB): Brush (FrontWall3)
[2017.09.03-08.21.43:963][118]LogTemp: Repeating last play command: Selected Viewport
[2017.09.03-08.21.43:980][118]LogPlayLevel: PlayLevel: No blueprints needed recompiling
[2017.09.03-08.21.43:980][118]PIE: New page: PIE session: casa (2 Sep 2017 22:21:43)
[2017.09.03-08.21.43:980][118]LogPlayLevel: Creating play world package: /Game/MisCosas/Levels/UEDPIE_0_casa
[2017.09.03-08.21.43:991][118]LogPlayLevel: PIE: StaticDuplicateObject took: (0.010990s)
[2017.09.03-08.21.43:992][118]LogAIModule: Creating AISystem for world casa
[2017.09.03-08.21.43:992][118]LogPlayLevel: PIE: World Init took: (0.000914s)
[2017.09.03-08.21.43:992][118]LogPlayLevel: PIE: Created PIE world by copying editor world from /Game/MisCosas/Levels/casa.casa to /Game/MisCosas/Levels/UEDPIE_0_casa.casa (0.012164s)
[2017.09.03-08.21.44:008][118]LogInit: XAudio2 using 'Speakers (Realtek High Definition Audio)' : 2 channels at 48 kHz using 32 bits per sample (channel mask 0x3)
[2017.09.03-08.21.44:021][118]LogInit: FAudioDevice initialized.
[2017.09.03-08.21.44:050][118]LogLoad: Game class is 'ThirdPersonGameMode_C'
[2017.09.03-08.21.44:054][118]LogWorld: Bringing World /Game/MisCosas/Levels/UEDPIE_0_casa.casa up for play (max tick rate 60) at 2017.09.03-03.21.44
[2017.09.03-08.21.44:055][118]LogWorld: Bringing up level for play took: 0.003403
[2017.09.03-08.21.44:057][118]PIE: Play in editor start time for /Game/MisCosas/Levels/UEDPIE_0_casa 0.047
[2017.09.03-08.22.58:650][583]LogEditorViewport: Clicking on Actor (LMB): Brush (FrontWall4)
[2017.09.03-08.22.59:949][659]LogEditorViewport: Clicking on Actor (LMB): Brush (HouseFrontWindowL1)
[2017.09.03-08.22.59:990][659]LogEditorViewport: Clicking on Actor (double click): Brush (HouseFrontWindowL1)
[2017.09.03-08.23.13:369][430]LogEditorViewport: Clicking on Actor (context menu): BP_Sky_Sphere_C (Sky Sphere)
[2017.09.03-08.23.25:191][996]LogEditorViewport: Clicking on Actor (LMB): BP_Sky_Sphere_C (Sky Sphere)
[2017.09.03-08.23.42:613][  3]LogTemp: Repeating last play command: Selected Viewport
[2017.09.03-08.23.42:631][  3]LogPlayLevel: PlayLevel: No blueprints needed recompiling
[2017.09.03-08.23.42:631][  3]PIE: New page: PIE session: casa (2 Sep 2017 22:23:42)
[2017.09.03-08.23.42:631][  3]LogPlayLevel: Creating play world package: /Game/MisCosas/Levels/UEDPIE_0_casa
[2017.09.03-08.23.42:642][  3]LogPlayLevel: PIE: StaticDuplicateObject took: (0.010695s)
[2017.09.03-08.23.42:643][  3]LogAIModule: Creating AISystem for world casa
[2017.09.03-08.23.42:643][  3]LogPlayLevel: PIE: World Init took: (0.000979s)
[2017.09.03-08.23.42:643][  3]LogPlayLevel: PIE: Created PIE world by copying editor world from /Game/MisCosas/Levels/casa.casa to /Game/MisCosas/Levels/UEDPIE_0_casa.casa (0.011949s)
[2017.09.03-08.23.42:658][  3]LogInit: XAudio2 using 'Speakers (Realtek High Definition Audio)' : 2 channels at 48 kHz using 32 bits per sample (channel mask 0x3)
[2017.09.03-08.23.42:671][  3]LogInit: FAudioDevice initialized.
[2017.09.03-08.23.42:703][  3]LogLoad: Game class is 'ThirdPersonGameMode_C'
[2017.09.03-08.23.42:707][  3]LogWorld: Bringing World /Game/MisCosas/Levels/UEDPIE_0_casa.casa up for play (max tick rate 60) at 2017.09.03-03.23.42
[2017.09.03-08.23.42:708][  3]LogWorld: Bringing up level for play took: 0.003342
[2017.09.03-08.23.42:710][  3]PIE: Play in editor start time for /Game/MisCosas/Levels/UEDPIE_0_casa 0.7
[2017.09.03-08.24.31:913][842]LogEditorViewport: Clicking on Actor (LMB): BP_Sky_Sphere_C (Sky Sphere)
[2017.09.03-08.24.33:255][919]LogEditorViewport: Clicking on Actor (context menu): BP_Sky_Sphere_C (Sky Sphere)
[2017.09.03-08.24.33:991][962]LogEditorViewport: Clicking on Actor (LMB): BP_Sky_Sphere_C (Sky Sphere)
[2017.09.03-08.24.40:793][368]LogEditorViewport: Clicking on Actor (context menu): BP_Sky_Sphere_C (Sky Sphere)
[2017.09.03-08.24.40:820][368]LogEditorViewport: Clicking on Component (context menu): StaticMeshComponent (Sky Sphere mesh)
[2017.09.03-08.24.44:289][538]LogEditorViewport: Clicking on Actor (context menu): BP_Sky_Sphere_C (Sky Sphere)
[2017.09.03-08.24.45:371][601]LogEditorViewport: Clicking on Component (LMB): StaticMeshComponent (Sky Sphere mesh)
[2017.09.03-08.25.17:256][478]LogTemp: Repeating last play command: Selected Viewport
[2017.09.03-08.25.17:273][478]LogPlayLevel: PlayLevel: No blueprints needed recompiling
[2017.09.03-08.25.17:273][478]PIE: New page: PIE session: casa (2 Sep 2017 22:25:17)
[2017.09.03-08.25.17:273][478]LogPlayLevel: Creating play world package: /Game/MisCosas/Levels/UEDPIE_0_casa
[2017.09.03-08.25.17:284][478]LogPlayLevel: PIE: StaticDuplicateObject took: (0.011012s)
[2017.09.03-08.25.17:285][478]LogAIModule: Creating AISystem for world casa
[2017.09.03-08.25.17:285][478]LogPlayLevel: PIE: World Init took: (0.000899s)
[2017.09.03-08.25.17:285][478]LogPlayLevel: PIE: Created PIE world by copying editor world from /Game/MisCosas/Levels/casa.casa to /Game/MisCosas/Levels/UEDPIE_0_casa.casa (0.012213s)
[2017.09.03-08.25.17:302][478]LogInit: XAudio2 using 'Speakers (Realtek High Definition Audio)' : 2 channels at 48 kHz using 32 bits per sample (channel mask 0x3)
[2017.09.03-08.25.17:315][478]LogInit: FAudioDevice initialized.
[2017.09.03-08.25.17:354][478]LogLoad: Game class is 'ThirdPersonGameMode_C'
[2017.09.03-08.25.17:365][478]LogWorld: Bringing World /Game/MisCosas/Levels/UEDPIE_0_casa.casa up for play (max tick rate 60) at 2017.09.03-03.25.17
[2017.09.03-08.25.17:366][478]LogWorld: Bringing up level for play took: 0.009351
[2017.09.03-08.25.17:370][478]PIE: Play in editor start time for /Game/MisCosas/Levels/UEDPIE_0_casa -0.641
[2017.09.03-08.25.56:612][653]LogSavePackage: Save=250.98ms
[2017.09.03-08.25.56:612][653]LogSavePackage: Moving 'D:/GameDevelopment/GitHub/project-Pana/UnrealProject/Saved/casa_Auto1DC973E524554FEC6B05977957E2315F4.tmp' to 'D:/GameDevelopment/GitHub/project-Pana/UnrealProject/Saved/Autosaves/Game/MisCosas/Levels/casa_Auto1.umap'
[2017.09.03-08.25.56:613][653]LogSavePackage: Display: Finished SavePackage D:/GameDevelopment/GitHub/project-Pana/UnrealProject/Saved/Autosaves/Game/MisCosas/Levels/casa_Auto1.umap
[2017.09.03-08.25.56:615][653]LogFileHelpers: Editor autosave (incl. sublevels) for '/Game/MisCosas/Levels/casa' took 0.285
[2017.09.03-08.25.56:615][653]LogFileHelpers: Editor autosave (incl. sublevels) for all levels took 0.285
[2017.09.03-08.26.00:525][881]Cmd: TRANSACTION UNDO
[2017.09.03-08.26.00:525][881]LogEditorTransaction: Undo Select Brush Surface
[2017.09.03-08.27.01:848][456]LogTemp: Repeating last play command: Selected Viewport
[2017.09.03-08.27.01:865][456]LogPlayLevel: PlayLevel: No blueprints needed recompiling
[2017.09.03-08.27.01:865][456]PIE: New page: PIE session: casa (2 Sep 2017 22:27:01)
[2017.09.03-08.27.01:865][456]LogPlayLevel: Creating play world package: /Game/MisCosas/Levels/UEDPIE_0_casa
[2017.09.03-08.27.01:876][456]LogPlayLevel: PIE: StaticDuplicateObject took: (0.011040s)
[2017.09.03-08.27.01:877][456]LogAIModule: Creating AISystem for world casa
[2017.09.03-08.27.01:877][456]LogPlayLevel: PIE: World Init took: (0.000896s)
[2017.09.03-08.27.01:877][456]LogPlayLevel: PIE: Created PIE world by copying editor world from /Game/MisCosas/Levels/casa.casa to /Game/MisCosas/Levels/UEDPIE_0_casa.casa (0.012207s)
[2017.09.03-08.27.01:893][456]LogInit: XAudio2 using 'Speakers (Realtek High Definition Audio)' : 2 channels at 48 kHz using 32 bits per sample (channel mask 0x3)
[2017.09.03-08.27.01:906][456]LogInit: FAudioDevice initialized.
[2017.09.03-08.27.01:938][456]LogLoad: Game class is 'ThirdPersonGameMode_C'
[2017.09.03-08.27.01:942][456]LogWorld: Bringing World /Game/MisCosas/Levels/UEDPIE_0_casa.casa up for play (max tick rate 60) at 2017.09.03-03.27.01
[2017.09.03-08.27.01:942][456]LogWorld: Bringing up level for play took: 0.003543
[2017.09.03-08.27.01:945][456]PIE: Play in editor start time for /Game/MisCosas/Levels/UEDPIE_0_casa -0.065
[2017.09.03-08.27.29:790][102]Cmd: BRUSH ADD SELECTNEWBRUSH
[2017.09.03-08.28.14:840][711]Cmd: EDCALLBACK SURFPROPS
[2017.09.03-08.28.34:505][874]LogEditorViewport: Clicking on Actor (LMB): Brush (Box Brush7)
[2017.09.03-08.28.35:801][950]Cmd: DELETE
[2017.09.03-08.28.35:801][950]Cmd: ACTOR DELETE
[2017.09.03-08.28.35:899][950]LogEditorActor: Deleted Actor: Brush
[2017.09.03-08.28.35:960][950]LogEditorActor: Deleted 1 Actors (0.158 secs)
[2017.09.03-08.28.46:871][602]LogEditorViewport: Clicking Background
[2017.09.03-08.28.49:122][737]LogEditorViewport: Clicking on Actor (LMB): Brush (HouseWallKitchenL2)
[2017.09.03-08.28.51:440][874]Cmd: EDIT COPY
[2017.09.03-08.28.51:913][902]Cmd: EDIT PASTE
[2017.09.03-08.30.16:377][632]LogEditorViewport: Clicking on Actor (LMB): Brush (HouseWallKitchenL5)
[2017.09.03-08.30.31:658][533]LogRenderer: Reallocating scene render targets to support 908x400 Format 10 NumSamples 1 (Frame:37211).
[2017.09.03-08.30.31:698][534]LogRenderer: Reallocating scene render targets to support 908x412 Format 10 NumSamples 1 (Frame:37213).
[2017.09.03-08.30.31:741][535]LogRenderer: Reallocating scene render targets to support 908x416 Format 10 NumSamples 1 (Frame:37215).
[2017.09.03-08.30.31:785][536]LogRenderer: Reallocating scene render targets to support 908x424 Format 10 NumSamples 1 (Frame:37217).
[2017.09.03-08.30.31:863][537]LogRenderer: Reallocating scene render targets to support 908x432 Format 10 NumSamples 1 (Frame:37219).
[2017.09.03-08.30.31:928][538]LogRenderer: Reallocating scene render targets to support 908x448 Format 10 NumSamples 1 (Frame:37221).
[2017.09.03-08.30.32:001][539]LogRenderer: Reallocating scene render targets to support 908x472 Format 10 NumSamples 1 (Frame:37223).
[2017.09.03-08.30.32:082][540]LogRenderer: Reallocating scene render targets to support 908x504 Format 10 NumSamples 1 (Frame:37225).
[2017.09.03-08.30.32:132][541]LogRenderer: Reallocating scene render targets to support 908x524 Format 10 NumSamples 1 (Frame:37227).
[2017.09.03-08.30.32:176][542]LogRenderer: Reallocating scene render targets to support 908x544 Format 10 NumSamples 1 (Frame:37229).
[2017.09.03-08.30.32:254][543]LogRenderer: Reallocating scene render targets to support 908x568 Format 10 NumSamples 1 (Frame:37231).
[2017.09.03-08.30.32:315][544]LogRenderer: Reallocating scene render targets to support 908x596 Format 10 NumSamples 1 (Frame:37233).
[2017.09.03-08.30.35:670][739]LogRenderer: Reallocating scene render targets to support 916x596 Format 10 NumSamples 1 (Frame:37431).
[2017.09.03-08.30.35:719][740]LogRenderer: Reallocating scene render targets to support 952x596 Format 10 NumSamples 1 (Frame:37433).
[2017.09.03-08.30.35:765][741]LogRenderer: Reallocating scene render targets to support 1000x596 Format 10 NumSamples 1 (Frame:37435).
[2017.09.03-08.30.35:814][742]LogRenderer: Reallocating scene render targets to support 1044x596 Format 10 NumSamples 1 (Frame:37437).
[2017.09.03-08.30.35:873][743]LogRenderer: Reallocating scene render targets to support 1092x596 Format 10 NumSamples 1 (Frame:37439).
[2017.09.03-08.30.35:938][744]LogRenderer: Reallocating scene render targets to support 1136x596 Format 10 NumSamples 1 (Frame:37441).
[2017.09.03-08.30.36:006][745]LogRenderer: Reallocating scene render targets to support 1168x596 Format 10 NumSamples 1 (Frame:37443).
[2017.09.03-08.30.37:857][851]LogRenderer: Reallocating scene render targets to support 1172x596 Format 10 NumSamples 1 (Frame:37552).
[2017.09.03-08.30.37:928][852]LogRenderer: Reallocating scene render targets to support 1184x596 Format 10 NumSamples 1 (Frame:37554).
[2017.09.03-08.30.37:981][853]LogRenderer: Reallocating scene render targets to support 1200x596 Format 10 NumSamples 1 (Frame:37556).
[2017.09.03-08.30.38:032][854]LogRenderer: Reallocating scene render targets to support 1252x596 Format 10 NumSamples 1 (Frame:37558).
[2017.09.03-08.30.38:107][855]LogRenderer: Reallocating scene render targets to support 1344x596 Format 10 NumSamples 1 (Frame:37560).
[2017.09.03-08.30.38:177][856]LogRenderer: Reallocating scene render targets to support 1400x596 Format 10 NumSamples 1 (Frame:37562).
[2017.09.03-08.30.38:244][857]LogRenderer: Reallocating scene render targets to support 1412x596 Format 10 NumSamples 1 (Frame:37564).
[2017.09.03-08.30.38:298][858]LogRenderer: Reallocating scene render targets to support 1420x596 Format 10 NumSamples 1 (Frame:37566).
[2017.09.03-08.30.38:372][859]LogRenderer: Reallocating scene render targets to support 1440x596 Format 10 NumSamples 1 (Frame:37568).
[2017.09.03-08.30.38:452][860]LogRenderer: Reallocating scene render targets to support 1444x596 Format 10 NumSamples 1 (Frame:37570).
[2017.09.03-08.31.06:422][516]LogEditorViewport: Clicking on Actor (LMB): Brush (HouseWallKitchenL1)
[2017.09.03-08.32.03:173][850]Cmd: EDIT COPY
[2017.09.03-08.32.04:756][945]Cmd: EDIT PASTE
[2017.09.03-08.32.14:361][513]Cmd: TRANSACTION UNDO
[2017.09.03-08.32.14:361][513]LogEditorTransaction: Undo Move Actors
[2017.09.03-08.33.28:884][866]Cmd: TRANSACTION UNDO
[2017.09.03-08.33.28:884][866]LogEditorTransaction: Undo Select Brush Surface
[2017.09.03-08.33.29:976][928]Cmd: TRANSACTION UNDO
[2017.09.03-08.33.29:976][928]LogEditorTransaction: Undo Select Brush Surface
[2017.09.03-08.33.30:684][968]Cmd: TRANSACTION UNDO
[2017.09.03-08.33.30:684][968]LogEditorTransaction: Undo Select Brush Surface
[2017.09.03-08.33.31:109][991]Cmd: TRANSACTION UNDO
[2017.09.03-08.33.31:109][991]LogEditorTransaction: Undo Select Brush Surface
[2017.09.03-08.33.31:456][  9]Cmd: TRANSACTION UNDO
[2017.09.03-08.33.31:456][  9]LogEditorTransaction: Undo Select Brush Surface
[2017.09.03-08.33.41:501][601]Cmd: TRANSACTION UNDO
[2017.09.03-08.33.41:501][601]LogEditorTransaction: Undo Select Brush Surface
[2017.09.03-08.33.57:727][560]Cmd: TRANSACTION UNDO
[2017.09.03-08.33.57:727][560]LogEditorTransaction: Undo Scale Actors
[2017.09.03-08.33.59:319][652]Cmd: DELETE
[2017.09.03-08.33.59:319][652]Cmd: ACTOR DELETE
[2017.09.03-08.33.59:320][652]LogEditorActor: Deleted Actor: Brush
[2017.09.03-08.33.59:355][652]LogEditorActor: Deleted 1 Actors (0.035 secs)
[2017.09.03-08.34.12:288][412]Cmd: BRUSH ADD SELECTNEWBRUSH
[2017.09.03-08.34.54:101][870]LogEditorViewport: Clicking on Actor (LMB): Brush (Box Brush7)
[2017.09.03-08.35.10:480][845]LogTemp: Repeating last play command: Selected Viewport
[2017.09.03-08.35.10:498][845]LogPlayLevel: PlayLevel: No blueprints needed recompiling
[2017.09.03-08.35.10:498][845]PIE: New page: PIE session: casa (2 Sep 2017 22:35:10)
[2017.09.03-08.35.10:498][845]LogPlayLevel: Creating play world package: /Game/MisCosas/Levels/UEDPIE_0_casa
[2017.09.03-08.35.10:509][845]LogPlayLevel: PIE: StaticDuplicateObject took: (0.011212s)
[2017.09.03-08.35.10:510][845]LogAIModule: Creating AISystem for world casa
[2017.09.03-08.35.10:510][845]LogPlayLevel: PIE: World Init took: (0.000917s)
[2017.09.03-08.35.10:510][845]LogPlayLevel: PIE: Created PIE world by copying editor world from /Game/MisCosas/Levels/casa.casa to /Game/MisCosas/Levels/UEDPIE_0_casa.casa (0.012394s)
[2017.09.03-08.35.10:529][845]LogInit: XAudio2 using 'Speakers (Realtek High Definition Audio)' : 2 channels at 48 kHz using 32 bits per sample (channel mask 0x3)
[2017.09.03-08.35.10:542][845]LogInit: FAudioDevice initialized.
[2017.09.03-08.35.10:576][845]LogLoad: Game class is 'ThirdPersonGameMode_C'
[2017.09.03-08.35.10:580][845]LogWorld: Bringing World /Game/MisCosas/Levels/UEDPIE_0_casa.casa up for play (max tick rate 60) at 2017.09.03-03.35.10
[2017.09.03-08.35.10:581][845]LogWorld: Bringing up level for play took: 0.003391
[2017.09.03-08.35.10:583][845]PIE: Play in editor start time for /Game/MisCosas/Levels/UEDPIE_0_casa 0.573
[2017.09.03-08.35.29:745][985]LogEditorViewport: Clicking on Actor (LMB): Brush (Box Brush7)
[2017.09.03-08.35.44:340][851]Cmd: EDIT COPY
[2017.09.03-08.35.45:290][908]Cmd: EDIT PASTE
[2017.09.03-08.35.52:621][339]LogTemp: Repeating last play command: Selected Viewport
[2017.09.03-08.35.52:644][339]LogPlayLevel: PlayLevel: No blueprints needed recompiling
[2017.09.03-08.35.52:645][339]PIE: New page: PIE session: casa (2 Sep 2017 22:35:52)
[2017.09.03-08.35.52:645][339]LogPlayLevel: Creating play world package: /Game/MisCosas/Levels/UEDPIE_0_casa
[2017.09.03-08.35.52:660][339]LogPlayLevel: PIE: StaticDuplicateObject took: (0.015264s)
[2017.09.03-08.35.52:661][339]LogAIModule: Creating AISystem for world casa
[2017.09.03-08.35.52:661][339]LogPlayLevel: PIE: World Init took: (0.001132s)
[2017.09.03-08.35.52:662][339]LogPlayLevel: PIE: Created PIE world by copying editor world from /Game/MisCosas/Levels/casa.casa to /Game/MisCosas/Levels/UEDPIE_0_casa.casa (0.016745s)
[2017.09.03-08.35.52:685][339]LogInit: XAudio2 using 'Speakers (Realtek High Definition Audio)' : 2 channels at 48 kHz using 32 bits per sample (channel mask 0x3)
[2017.09.03-08.35.52:702][339]LogInit: FAudioDevice initialized.
[2017.09.03-08.35.52:736][339]LogLoad: Game class is 'ThirdPersonGameMode_C'
[2017.09.03-08.35.52:742][339]LogWorld: Bringing World /Game/MisCosas/Levels/UEDPIE_0_casa.casa up for play (max tick rate 60) at 2017.09.03-03.35.52
[2017.09.03-08.35.52:742][339]LogWorld: Bringing up level for play took: 0.004779
[2017.09.03-08.35.52:745][339]PIE: Play in editor start time for /Game/MisCosas/Levels/UEDPIE_0_casa 0.735
[2017.09.03-08.37.30:687][184]Cmd: EDIT COPY
[2017.09.03-08.37.31:171][213]Cmd: EDIT PASTE
[2017.09.03-08.37.51:378][402]Cmd: EDIT COPY
[2017.09.03-08.37.51:845][430]Cmd: EDIT PASTE
[2017.09.03-08.38.10:120][480]LogTemp: Repeating last play command: Selected Viewport
[2017.09.03-08.38.10:143][480]LogPlayLevel: PlayLevel: No blueprints needed recompiling
[2017.09.03-08.38.10:144][480]PIE: New page: PIE session: casa (2 Sep 2017 22:38:10)
[2017.09.03-08.38.10:144][480]LogPlayLevel: Creating play world package: /Game/MisCosas/Levels/UEDPIE_0_casa
[2017.09.03-08.38.10:161][480]LogPlayLevel: PIE: StaticDuplicateObject took: (0.017421s)
[2017.09.03-08.38.10:162][480]LogAIModule: Creating AISystem for world casa
[2017.09.03-08.38.10:162][480]LogPlayLevel: PIE: World Init took: (0.001205s)
[2017.09.03-08.38.10:163][480]LogPlayLevel: PIE: Created PIE world by copying editor world from /Game/MisCosas/Levels/casa.casa to /Game/MisCosas/Levels/UEDPIE_0_casa.casa (0.018978s)
[2017.09.03-08.38.10:189][480]LogInit: XAudio2 using 'Speakers (Realtek High Definition Audio)' : 2 channels at 48 kHz using 32 bits per sample (channel mask 0x3)
[2017.09.03-08.38.10:207][480]LogInit: FAudioDevice initialized.
[2017.09.03-08.38.10:241][480]LogLoad: Game class is 'ThirdPersonGameMode_C'
[2017.09.03-08.38.10:247][480]LogWorld: Bringing World /Game/MisCosas/Levels/UEDPIE_0_casa.casa up for play (max tick rate 60) at 2017.09.03-03.38.10
[2017.09.03-08.38.10:247][480]LogWorld: Bringing up level for play took: 0.004935
[2017.09.03-08.38.10:251][480]PIE: Play in editor start time for /Game/MisCosas/Levels/UEDPIE_0_casa 0.241
[2017.09.03-08.38.51:399][935]LogTemp: Repeating last play command: Selected Viewport
[2017.09.03-08.38.51:422][935]LogPlayLevel: PlayLevel: No blueprints needed recompiling
[2017.09.03-08.38.51:422][935]PIE: New page: PIE session: casa (2 Sep 2017 22:38:51)
[2017.09.03-08.38.51:422][935]LogPlayLevel: Creating play world package: /Game/MisCosas/Levels/UEDPIE_0_casa
[2017.09.03-08.38.51:439][935]LogPlayLevel: PIE: StaticDuplicateObject took: (0.017256s)
[2017.09.03-08.38.51:440][935]LogAIModule: Creating AISystem for world casa
[2017.09.03-08.38.51:440][935]LogPlayLevel: PIE: World Init took: (0.000970s)
[2017.09.03-08.38.51:440][935]LogPlayLevel: PIE: Created PIE world by copying editor world from /Game/MisCosas/Levels/casa.casa to /Game/MisCosas/Levels/UEDPIE_0_casa.casa (0.018568s)
[2017.09.03-08.38.51:469][935]LogInit: XAudio2 using 'Speakers (Realtek High Definition Audio)' : 2 channels at 48 kHz using 32 bits per sample (channel mask 0x3)
[2017.09.03-08.38.51:488][935]LogInit: FAudioDevice initialized.
[2017.09.03-08.38.51:523][935]LogLoad: Game class is 'ThirdPersonGameMode_C'
[2017.09.03-08.38.51:529][935]LogWorld: Bringing World /Game/MisCosas/Levels/UEDPIE_0_casa.casa up for play (max tick rate 60) at 2017.09.03-03.38.51
[2017.09.03-08.38.51:529][935]LogWorld: Bringing up level for play took: 0.005067
[2017.09.03-08.38.51:532][935]PIE: Play in editor start time for /Game/MisCosas/Levels/UEDPIE_0_casa -0.478
[2017.09.03-08.39.28:181][917]LogTemp: Repeating last play command: Selected Viewport
[2017.09.03-08.39.28:205][917]LogPlayLevel: PlayLevel: No blueprints needed recompiling
[2017.09.03-08.39.28:205][917]PIE: New page: PIE session: casa (2 Sep 2017 22:39:28)
[2017.09.03-08.39.28:206][917]LogPlayLevel: Creating play world package: /Game/MisCosas/Levels/UEDPIE_0_casa
[2017.09.03-08.39.28:223][917]LogPlayLevel: PIE: StaticDuplicateObject took: (0.017001s)
[2017.09.03-08.39.28:223][917]LogAIModule: Creating AISystem for world casa
[2017.09.03-08.39.28:224][917]LogPlayLevel: PIE: World Init took: (0.001025s)
[2017.09.03-08.39.28:224][917]LogPlayLevel: PIE: Created PIE world by copying editor world from /Game/MisCosas/Levels/casa.casa to /Game/MisCosas/Levels/UEDPIE_0_casa.casa (0.018375s)
[2017.09.03-08.39.28:249][917]LogInit: XAudio2 using 'Speakers (Realtek High Definition Audio)' : 2 channels at 48 kHz using 32 bits per sample (channel mask 0x3)
[2017.09.03-08.39.28:267][917]LogInit: FAudioDevice initialized.
[2017.09.03-08.39.28:305][917]LogLoad: Game class is 'ThirdPersonGameMode_C'
[2017.09.03-08.39.28:310][917]LogWorld: Bringing World /Game/MisCosas/Levels/UEDPIE_0_casa.casa up for play (max tick rate 60) at 2017.09.03-03.39.28
[2017.09.03-08.39.28:311][917]LogWorld: Bringing up level for play took: 0.004740
[2017.09.03-08.39.28:314][917]PIE: Play in editor start time for /Game/MisCosas/Levels/UEDPIE_0_casa 0.304
[2017.09.03-08.40.00:854][805]LogSavePackage: Save=560.36ms
[2017.09.03-08.40.00:854][805]LogSavePackage: Moving 'D:/GameDevelopment/GitHub/project-Pana/UnrealProject/Saved/casa_Auto2D27DFCDD46BD79A8CDE987B440D566F4.tmp' to 'D:/GameDevelopment/GitHub/project-Pana/UnrealProject/Saved/Autosaves/Game/MisCosas/Levels/casa_Auto2.umap'
[2017.09.03-08.40.00:855][805]LogSavePackage: Display: Finished SavePackage D:/GameDevelopment/GitHub/project-Pana/UnrealProject/Saved/Autosaves/Game/MisCosas/Levels/casa_Auto2.umap
[2017.09.03-08.40.00:861][805]LogFileHelpers: Editor autosave (incl. sublevels) for '/Game/MisCosas/Levels/casa' took 0.605
[2017.09.03-08.40.00:861][805]LogFileHelpers: Editor autosave (incl. sublevels) for all levels took 0.605
[2017.09.03-08.40.04:341][ 12]LogEditorViewport: Clicking on Actor (context menu): Brush (Box Brush7)
[2017.09.03-08.40.05:355][ 68]LogEditorViewport: Clicking on Actor (LMB): Brush (HouseFrontWindowL2)
[2017.09.03-08.40.12:376][480]LogTemp: Repeating last play command: Selected Viewport
[2017.09.03-08.40.12:399][480]LogPlayLevel: PlayLevel: No blueprints needed recompiling
[2017.09.03-08.40.12:399][480]PIE: New page: PIE session: casa (2 Sep 2017 22:40:12)
[2017.09.03-08.40.12:399][480]LogPlayLevel: Creating play world package: /Game/MisCosas/Levels/UEDPIE_0_casa
[2017.09.03-08.40.12:417][480]LogPlayLevel: PIE: StaticDuplicateObject took: (0.017974s)
[2017.09.03-08.40.12:418][480]LogAIModule: Creating AISystem for world casa
[2017.09.03-08.40.12:418][480]LogPlayLevel: PIE: World Init took: (0.001046s)
[2017.09.03-08.40.12:418][480]LogPlayLevel: PIE: Created PIE world by copying editor world from /Game/MisCosas/Levels/casa.casa to /Game/MisCosas/Levels/UEDPIE_0_casa.casa (0.019398s)
[2017.09.03-08.40.12:445][480]LogInit: XAudio2 using 'Speakers (Realtek High Definition Audio)' : 2 channels at 48 kHz using 32 bits per sample (channel mask 0x3)
[2017.09.03-08.40.12:463][480]LogInit: FAudioDevice initialized.
[2017.09.03-08.40.12:506][480]LogLoad: Game class is 'ThirdPersonGameMode_C'
[2017.09.03-08.40.12:518][480]LogWorld: Bringing World /Game/MisCosas/Levels/UEDPIE_0_casa.casa up for play (max tick rate 60) at 2017.09.03-03.40.12
[2017.09.03-08.40.12:519][480]LogWorld: Bringing up level for play took: 0.010488
[2017.09.03-08.40.12:526][480]PIE: Play in editor start time for /Game/MisCosas/Levels/UEDPIE_0_casa 0.516
[2017.09.03-08.46.12:696][329]LogTemp: Repeating last play command: Selected Viewport
[2017.09.03-08.46.12:714][329]LogPlayLevel: PlayLevel: No blueprints needed recompiling
[2017.09.03-08.46.12:714][329]PIE: New page: PIE session: casa (2 Sep 2017 22:46:12)
[2017.09.03-08.46.12:714][329]LogPlayLevel: Creating play world package: /Game/MisCosas/Levels/UEDPIE_0_casa
[2017.09.03-08.46.12:727][329]LogPlayLevel: PIE: StaticDuplicateObject took: (0.012779s)
[2017.09.03-08.46.12:728][329]LogAIModule: Creating AISystem for world casa
[2017.09.03-08.46.12:728][329]LogPlayLevel: PIE: World Init took: (0.001023s)
[2017.09.03-08.46.12:728][329]LogPlayLevel: PIE: Created PIE world by copying editor world from /Game/MisCosas/Levels/casa.casa to /Game/MisCosas/Levels/UEDPIE_0_casa.casa (0.014134s)
[2017.09.03-08.46.12:750][329]LogInit: XAudio2 using 'Speakers (Realtek High Definition Audio)' : 2 channels at 48 kHz using 32 bits per sample (channel mask 0x3)
[2017.09.03-08.46.12:766][329]LogInit: FAudioDevice initialized.
[2017.09.03-08.46.12:800][329]LogLoad: Game class is 'ThirdPersonGameMode_C'
[2017.09.03-08.46.12:804][329]LogWorld: Bringing World /Game/MisCosas/Levels/UEDPIE_0_casa.casa up for play (max tick rate 60) at 2017.09.03-03.46.12
[2017.09.03-08.46.12:805][329]LogWorld: Bringing up level for play took: 0.003769
[2017.09.03-08.46.12:807][329]PIE: Play in editor start time for /Game/MisCosas/Levels/UEDPIE_0_casa 0.797
[2017.09.03-08.48.28:719][456]Cmd: OBJ SAVEPACKAGE PACKAGE="/Game/MisCosas/Levels/casa" FILE="D:/GameDevelopment/GitHub/project-Pana/UnrealProject/Content/MisCosas/Levels/casa.umap" SILENT=true AUTOSAVING=false KEEPDIRTY=false
[2017.09.03-08.48.29:186][456]LogSavePackage: Save=417.77ms
[2017.09.03-08.48.29:186][456]LogSavePackage: Moving 'D:/GameDevelopment/GitHub/project-Pana/UnrealProject/Saved/casa3FE6067E4BC2FF95BAA2F39D910591AF.tmp' to 'D:/GameDevelopment/GitHub/project-Pana/UnrealProject/Content/MisCosas/Levels/casa.umap'
[2017.09.03-08.48.29:191][456]LogSavePackage: Display: Finished SavePackage D:/GameDevelopment/GitHub/project-Pana/UnrealProject/Content/MisCosas/Levels/casa.umap
[2017.09.03-08.48.29:227][456]Cmd: OBJ SAVEPACKAGE PACKAGE="/Game/MisCosas/Levels/casa_BuiltData" FILE="D:/GameDevelopment/GitHub/project-Pana/UnrealProject/Content/MisCosas/Levels/casa_BuiltData.uasset" SILENT=true
[2017.09.03-08.48.29:362][456]LogSavePackage: Save=127.82ms
[2017.09.03-08.48.29:362][456]LogSavePackage: Moving 'D:/GameDevelopment/GitHub/project-Pana/UnrealProject/Saved/casa_BuiltDataD6C669D249DB1E25799AC19D180D8FA1.tmp' to 'D:/GameDevelopment/GitHub/project-Pana/UnrealProject/Content/MisCosas/Levels/casa_BuiltData.uasset'
[2017.09.03-08.48.29:363][456]LogSavePackage: Display: Finished SavePackage D:/GameDevelopment/GitHub/project-Pana/UnrealProject/Content/MisCosas/Levels/casa_BuiltData.uasset
